<?xml version="1.0" encoding="UTF-8"?>
<!-- Generated by org.testng.reporters.JUnitReportReporter -->
<testsuite hostname="LAPTOP-K1EJMBTI" failures="0" tests="3" name="Parallel.Test1" time="35.530" errors="0" timestamp="2022-12-30T20:43:27 IST" skipped="0">
  <testcase classname="Parallel.Test1" name="demo" time="15.840"/>
  <system-out/>
  <testcase classname="Parallel.Test1" name="demo" time="9.798"/>
  <system-out/>
  <testcase classname="Parallel.Test1" name="demo" time="9.892"/>
  <system-out/>
</testsuite> <!-- Parallel.Test1 -->
