<?xml version="1.0" encoding="UTF-8"?>
<!-- Generated by org.testng.reporters.JUnitReportReporter -->
<testsuite hostname="LAPTOP-K1EJMBTI" failures="0" tests="1" name="Sequesncail.Sequencial" time="31.339" errors="0" timestamp="2022-12-30T21:35:55 IST" skipped="0">
  <testcase classname="Sequesncail.Sequencial" name="testcase1" time="31.339"/>
  <system-out/>
</testsuite> <!-- Sequesncail.Sequencial -->
