<?xml version="1.0" encoding="UTF-8"?>
<!-- Generated by org.testng.reporters.JUnitReportReporter -->
<testsuite hostname="LAPTOP-K1EJMBTI" failures="0" tests="1" name="Assertions.Test2" time="31.736" errors="0" timestamp="2023-01-01T16:10:14 IST" skipped="0">
  <testcase classname="Assertions.Test2" name="testCase3" time="31.736"/>
  <system-out>
    <![CDATA[Log in to Facebook
https://www.facebook.com/login/device-based/regular/login/?login_attempt=1&lwv=100]]>
  </system-out>
</testsuite> <!-- Assertions.Test2 -->
