<?xml version="1.0" encoding="UTF-8"?>
<!-- Generated by org.testng.reporters.JUnitReportReporter -->
<testsuite hostname="LAPTOP-K1EJMBTI" failures="0" tests="1" name="Sequesncail.Test2" time="45.459" errors="0" timestamp="2022-12-30T21:35:55 IST" skipped="0">
  <testcase classname="Sequesncail.Test2" name="testcase3" time="45.459"/>
  <system-out/>
</testsuite> <!-- Sequesncail.Test2 -->
